Restoring modules from user's moose, for system: "Stanage"

[31m
*** ERROR ***
/users/mea21jpm/projects/swan/input_files/wire_bobbin_ghosttensioner.i:375.1: syntax error, unexpected end of line, expecting ][39m


[31m
*** ERROR ***
/users/mea21jpm/projects/swan/input_files/wire_bobbin_ghosttensioner.i:375.1: syntax error, unexpected end of line, expecting ][39m


[31m
*** ERROR ***
/users/mea21jpm/projects/swan/input_files/wire_bobbin_ghosttensioner.i:375.1: syntax error, unexpected end of line, expecting ][39m


[31m
*** ERROR ***
/users/mea21jpm/projects/swan/input_files/wire_bobbin_ghosttensioner.i:375.1: syntax error, unexpected end of line, expecting ][39m


[31m
*** ERROR ***
/users/mea21jpm/projects/swan/input_files/wire_bobbin_ghosttensioner.i:375.1: syntax error, unexpected end of line, expecting ][39m


[31m
*** ERROR ***
/users/mea21jpm/projects/swan/input_files/wire_bobbin_ghosttensioner.i:375.1: syntax error, unexpected end of line, expecting ][39m


[31m
*** ERROR ***
/users/mea21jpm/projects/swan/input_files/wire_bobbin_ghosttensioner.i:375.1: syntax error, unexpected end of line, expecting ][39m


[31m
*** ERROR ***
/users/mea21jpm/projects/swan/input_files/wire_bobbin_ghosttensioner.i:375.1: syntax error, unexpected end of line, expecting ][39m


[31m
*** ERROR ***
/users/mea21jpm/projects/swan/input_files/wire_bobbin_ghosttensioner.i:375.1: syntax error, unexpected end of line, expecting ][39m


[31m
*** ERROR ***
/users/mea21jpm/projects/swan/input_files/wire_bobbin_ghosttensioner.i:375.1: syntax error, unexpected end of line, expecting ][39m


[31m
*** ERROR ***
/users/mea21jpm/projects/swan/input_files/wire_bobbin_ghosttensioner.i:375.1: syntax error, unexpected end of line, expecting ][39m


[31m
*** ERROR ***
/users/mea21jpm/projects/swan/input_files/wire_bobbin_ghosttensioner.i:375.1: syntax error, unexpected end of line, expecting ][39m


[31m
*** ERROR ***
/users/mea21jpm/projects/swan/input_files/wire_bobbin_ghosttensioner.i:375.1: syntax error, unexpected end of line, expecting ][39m


[31m
*** ERROR ***
/users/mea21jpm/projects/swan/input_files/wire_bobbin_ghosttensioner.i:375.1: syntax error, unexpected end of line, expecting ][39m


[31m
*** ERROR ***
/users/mea21jpm/projects/swan/input_files/wire_bobbin_ghosttensioner.i:375.1: syntax error, unexpected end of line, expecting ][39m


[31m
*** ERROR ***
/users/mea21jpm/projects/swan/input_files/wire_bobbin_ghosttensioner.i:375.1: syntax error, unexpected end of line, expecting ][39m

--------------------------------------------------------------------------
MPI_ABORT was invoked on rank 12 in communicator MPI_COMM_WORLD
with errorcode 1.

NOTE: invoking MPI_ABORT causes Open MPI to kill all MPI processes.
You may or may not see output from other processes, depending on
exactly when Open MPI kills them.
--------------------------------------------------------------------------
[node115.pri.stanage.alces.network:14585] 15 more processes have sent help message help-mpi-api.txt / mpi-abort
[node115.pri.stanage.alces.network:14585] Set MCA parameter "orte_base_help_aggregate" to 0 to see all help / error messages
