Restoring modules from user's moose, for system: "Stanage"

[31m
*** ERROR ***
/users/mea21jpm/projects/swan/input_files/wire_bobbin_ghosttensioner.i:164.5:
Mesh/tie_point_wire/input: The requested MeshGenerator with name 'lower_jaw_top_boundary' was not found.
Mesh generators that can be found: [39m


[31m
*** ERROR ***
/users/mea21jpm/projects/swan/input_files/wire_bobbin_ghosttensioner.i:164.5:
Mesh/tie_point_wire/input: The requested MeshGenerator with name 'lower_jaw_top_boundary' was not found.
Mesh generators that can be found: [39m


[31m
*** ERROR ***
/users/mea21jpm/projects/swan/input_files/wire_bobbin_ghosttensioner.i:164.5:
Mesh/tie_point_wire/input: The requested MeshGenerator with name 'lower_jaw_top_boundary' was not found.
Mesh generators that can be found: [39m


[31m
*** ERROR ***
/users/mea21jpm/projects/swan/input_files/wire_bobbin_ghosttensioner.i:164.5:
Mesh/tie_point_wire/input: The requested MeshGenerator with name 'lower_jaw_top_boundary' was not found.
Mesh generators that can be found: [39m


[31m
*** ERROR ***
/users/mea21jpm/projects/swan/input_files/wire_bobbin_ghosttensioner.i:164.5:
Mesh/tie_point_wire/input: The requested MeshGenerator with name 'lower_jaw_top_boundary' was not found.
Mesh generators that can be found: [39m


[31m
*** ERROR ***
/users/mea21jpm/projects/swan/input_files/wire_bobbin_ghosttensioner.i:164.5:
Mesh/tie_point_wire/input: The requested MeshGenerator with name 'lower_jaw_top_boundary' was not found.
Mesh generators that can be found: [39m


[31m
*** ERROR ***
/users/mea21jpm/projects/swan/input_files/wire_bobbin_ghosttensioner.i:164.5:
Mesh/tie_point_wire/input: The requested MeshGenerator with name 'lower_jaw_top_boundary' was not found.
Mesh generators that can be found: [39m


[31m
*** ERROR ***
/users/mea21jpm/projects/swan/input_files/wire_bobbin_ghosttensioner.i:164.5:
Mesh/tie_point_wire/input: The requested MeshGenerator with name 'lower_jaw_top_boundary' was not found.
Mesh generators that can be found: [39m


[31m
*** ERROR ***
/users/mea21jpm/projects/swan/input_files/wire_bobbin_ghosttensioner.i:164.5:
Mesh/tie_point_wire/input: The requested MeshGenerator with name 'lower_jaw_top_boundary' was not found.
Mesh generators that can be found: [39m


[31m
*** ERROR ***
/users/mea21jpm/projects/swan/input_files/wire_bobbin_ghosttensioner.i:164.5:
Mesh/tie_point_wire/input: The requested MeshGenerator with name 'lower_jaw_top_boundary' was not found.
Mesh generators that can be found: [39m


[31m
*** ERROR ***
/users/mea21jpm/projects/swan/input_files/wire_bobbin_ghosttensioner.i:164.5:
Mesh/tie_point_wire/input: The requested MeshGenerator with name 'lower_jaw_top_boundary' was not found.
Mesh generators that can be found: [39m


[31m
*** ERROR ***
/users/mea21jpm/projects/swan/input_files/wire_bobbin_ghosttensioner.i:164.5:
Mesh/tie_point_wire/input: The requested MeshGenerator with name 'lower_jaw_top_boundary' was not found.
Mesh generators that can be found: [39m

--------------------------------------------------------------------------
MPI_ABORT was invoked on rank 10 in communicator MPI_COMM_WORLD
with errorcode 1.

NOTE: invoking MPI_ABORT causes Open MPI to kill all MPI processes.
You may or may not see output from other processes, depending on
exactly when Open MPI kills them.
--------------------------------------------------------------------------

[31m
*** ERROR ***
/users/mea21jpm/projects/swan/input_files/wire_bobbin_ghosttensioner.i:164.5:
Mesh/tie_point_wire/input: The requested MeshGenerator with name 'lower_jaw_top_boundary' was not found.
Mesh generators that can be found: [39m

[node115.pri.stanage.alces.network:51936] 12 more processes have sent help message help-mpi-api.txt / mpi-abort
[node115.pri.stanage.alces.network:51936] Set MCA parameter "orte_base_help_aggregate" to 0 to see all help / error messages
