Restoring modules from user's moose, for system: "Stanage"

CondaError: Run 'conda init' before 'conda activate'


[31m
*** ERROR ***
/users/mea21jpm/projects/swan/input_files/wire_bobbin_nozzle_combined.i:431.1: syntax error, unexpected end of file, expecting block terminator
/users/mea21jpm/projects/swan/input_files/wire_bobbin_nozzle_combined.i:28.1: syntax error, unexpected end of file, expecting block terminator[39m


[31m
*** ERROR ***
/users/mea21jpm/projects/swan/input_files/wire_bobbin_nozzle_combined.i:431.1: syntax error, unexpected end of file, expecting block terminator
/users/mea21jpm/projects/swan/input_files/wire_bobbin_nozzle_combined.i:28.1: syntax error, unexpected end of file, expecting block terminator[39m


[31m
*** ERROR ***
/users/mea21jpm/projects/swan/input_files/wire_bobbin_nozzle_combined.i:431.1: syntax error, unexpected end of file, expecting block terminator
/users/mea21jpm/projects/swan/input_files/wire_bobbin_nozzle_combined.i:28.1: syntax error, unexpected end of file, expecting block terminator[39m


[31m
*** ERROR ***
/users/mea21jpm/projects/swan/input_files/wire_bobbin_nozzle_combined.i:431.1: syntax error, unexpected end of file, expecting block terminator
/users/mea21jpm/projects/swan/input_files/wire_bobbin_nozzle_combined.i:28.1: syntax error, unexpected end of file, expecting block terminator[39m


[31m
*** ERROR ***
/users/mea21jpm/projects/swan/input_files/wire_bobbin_nozzle_combined.i:431.1: syntax error, unexpected end of file, expecting block terminator
/users/mea21jpm/projects/swan/input_files/wire_bobbin_nozzle_combined.i:28.1: syntax error, unexpected end of file, expecting block terminator[39m


[31m
*** ERROR ***
/users/mea21jpm/projects/swan/input_files/wire_bobbin_nozzle_combined.i:431.1: syntax error, unexpected end of file, expecting block terminator
/users/mea21jpm/projects/swan/input_files/wire_bobbin_nozzle_combined.i:28.1: syntax error, unexpected end of file, expecting block terminator[39m


[31m
*** ERROR ***
/users/mea21jpm/projects/swan/input_files/wire_bobbin_nozzle_combined.i:431.1: syntax error, unexpected end of file, expecting block terminator
/users/mea21jpm/projects/swan/input_files/wire_bobbin_nozzle_combined.i:28.1: syntax error, unexpected end of file, expecting block terminator[39m


[31m
*** ERROR ***
/users/mea21jpm/projects/swan/input_files/wire_bobbin_nozzle_combined.i:431.1: syntax error, unexpected end of file, expecting block terminator
/users/mea21jpm/projects/swan/input_files/wire_bobbin_nozzle_combined.i:28.1: syntax error, unexpected end of file, expecting block terminator[39m

--------------------------------------------------------------------------
MPI_ABORT was invoked on rank 1 in communicator MPI_COMM_WORLD
with errorcode 1.

NOTE: invoking MPI_ABORT causes Open MPI to kill all MPI processes.
You may or may not see output from other processes, depending on
exactly when Open MPI kills them.
--------------------------------------------------------------------------
[node049.pri.stanage.alces.network:61597] 7 more processes have sent help message help-mpi-api.txt / mpi-abort
[node049.pri.stanage.alces.network:61597] Set MCA parameter "orte_base_help_aggregate" to 0 to see all help / error messages
