Restoring modules from user's moose, for system: "Stanage"

[31m
*** ERROR ***
The following Reporter(s) were not declared:

Postprocessor "normal_force_lower":
  Producer:
    None
  Consumer(s):
    ParsedPostprocessor "total_normal_force_N" (mode: ROOT)

Postprocessor "normal_force_upper":
  Producer:
    None
  Consumer(s):
    ParsedPostprocessor "total_normal_force_N" (mode: ROOT)

[39m


[31m
*** ERROR ***
The following Reporter(s) were not declared:

Postprocessor "normal_force_lower":
  Producer:
    None
  Consumer(s):
    ParsedPostprocessor "total_normal_force_N" (mode: ROOT)

Postprocessor "normal_force_upper":
  Producer:
    None
  Consumer(s):
    ParsedPostprocessor "total_normal_force_N" (mode: ROOT)

[39m


[31m
*** ERROR ***
The following Reporter(s) were not declared:

Postprocessor "normal_force_lower":
  Producer:
    None
  Consumer(s):
    ParsedPostprocessor "total_normal_force_N" (mode: ROOT)

Postprocessor "normal_force_upper":
  Producer:
    None
  Consumer(s):
    ParsedPostprocessor "total_normal_force_N" (mode: ROOT)

[39m


[31m
*** ERROR ***
The following Reporter(s) were not declared:

Postprocessor "normal_force_lower":
  Producer:
    None
  Consumer(s):
    ParsedPostprocessor "total_normal_force_N" (mode: ROOT)

Postprocessor "normal_force_upper":
  Producer:
    None
  Consumer(s):
    ParsedPostprocessor "total_normal_force_N" (mode: ROOT)

[39m


[31m
*** ERROR ***
The following Reporter(s) were not declared:

Postprocessor "normal_force_lower":
  Producer:
    None
  Consumer(s):
    ParsedPostprocessor "total_normal_force_N" (mode: ROOT)

Postprocessor "normal_force_upper":
  Producer:
    None
  Consumer(s):
    ParsedPostprocessor "total_normal_force_N" (mode: ROOT)

[39m


[31m
*** ERROR ***
The following Reporter(s) were not declared:

Postprocessor "normal_force_lower":
  Producer:
    None
  Consumer(s):
    ParsedPostprocessor "total_normal_force_N" (mode: ROOT)

Postprocessor "normal_force_upper":
  Producer:
    None
  Consumer(s):
    ParsedPostprocessor "total_normal_force_N" (mode: ROOT)

[39m


[31m
*** ERROR ***
The following Reporter(s) were not declared:

Postprocessor "normal_force_lower":
  Producer:
    None
  Consumer(s):
    ParsedPostprocessor "total_normal_force_N" (mode: ROOT)

Postprocessor "normal_force_upper":
  Producer:
    None
  Consumer(s):
    ParsedPostprocessor "total_normal_force_N" (mode: ROOT)

[39m


[31m
*** ERROR ***
The following Reporter(s) were not declared:

Postprocessor "normal_force_lower":
  Producer:
    None
  Consumer(s):
    ParsedPostprocessor "total_normal_force_N" (mode: ROOT)

Postprocessor "normal_force_upper":
  Producer:
    None
  Consumer(s):
    ParsedPostprocessor "total_normal_force_N" (mode: ROOT)

[39m


[31m
*** ERROR ***
The following Reporter(s) were not declared:

Postprocessor "normal_force_lower":
  Producer:
    None
  Consumer(s):
    ParsedPostprocessor "total_normal_force_N" (mode: ROOT)

Postprocessor "normal_force_upper":
  Producer:
    None
  Consumer(s):
    ParsedPostprocessor "total_normal_force_N" (mode: ROOT)

[39m


[31m
*** ERROR ***
The following Reporter(s) were not declared:

Postprocessor "normal_force_lower":
  Producer:
    None
  Consumer(s):
    ParsedPostprocessor "total_normal_force_N" (mode: ROOT)

Postprocessor "normal_force_upper":
  Producer:
    None
  Consumer(s):
    ParsedPostprocessor "total_normal_force_N" (mode: ROOT)

[39m


[31m
*** ERROR ***
The following Reporter(s) were not declared:

Postprocessor "normal_force_lower":
  Producer:
    None
  Consumer(s):
    ParsedPostprocessor "total_normal_force_N" (mode: ROOT)

Postprocessor "normal_force_upper":
  Producer:
    None
  Consumer(s):
    ParsedPostprocessor "total_normal_force_N" (mode: ROOT)

[39m


[31m
*** ERROR ***
The following Reporter(s) were not declared:

Postprocessor "normal_force_lower":
  Producer:
    None
  Consumer(s):
    ParsedPostprocessor "total_normal_force_N" (mode: ROOT)

Postprocessor "normal_force_upper":
  Producer:
    None
  Consumer(s):
    ParsedPostprocessor "total_normal_force_N" (mode: ROOT)

[39m


[31m
*** ERROR ***
The following Reporter(s) were not declared:

Postprocessor "normal_force_lower":
  Producer:
    None
  Consumer(s):
    ParsedPostprocessor "total_normal_force_N" (mode: ROOT)

Postprocessor "normal_force_upper":
  Producer:
    None
  Consumer(s):
    ParsedPostprocessor "total_normal_force_N" (mode: ROOT)

[39m


[31m
*** ERROR ***
The following Reporter(s) were not declared:

Postprocessor "normal_force_lower":
  Producer:
    None
  Consumer(s):
    ParsedPostprocessor "total_normal_force_N" (mode: ROOT)

Postprocessor "normal_force_upper":
  Producer:
    None
  Consumer(s):
    ParsedPostprocessor "total_normal_force_N" (mode: ROOT)

[39m


[31m
*** ERROR ***
The following Reporter(s) were not declared:

Postprocessor "normal_force_lower":
  Producer:
    None
  Consumer(s):
    ParsedPostprocessor "total_normal_force_N" (mode: ROOT)

Postprocessor "normal_force_upper":
  Producer:
    None
  Consumer(s):
    ParsedPostprocessor "total_normal_force_N" (mode: ROOT)

[39m


[31m
*** ERROR ***
The following Reporter(s) were not declared:

Postprocessor "normal_force_lower":
  Producer:
    None
  Consumer(s):
    ParsedPostprocessor "total_normal_force_N" (mode: ROOT)

Postprocessor "normal_force_upper":
  Producer:
    None
  Consumer(s):
    ParsedPostprocessor "total_normal_force_N" (mode: ROOT)

[39m

--------------------------------------------------------------------------
MPI_ABORT was invoked on rank 1 in communicator MPI_COMM_WORLD
with errorcode 1.

NOTE: invoking MPI_ABORT causes Open MPI to kill all MPI processes.
You may or may not see output from other processes, depending on
exactly when Open MPI kills them.
--------------------------------------------------------------------------
[node126.pri.stanage.alces.network:20010] 15 more processes have sent help message help-mpi-api.txt / mpi-abort
[node126.pri.stanage.alces.network:20010] Set MCA parameter "orte_base_help_aggregate" to 0 to see all help / error messages
