Restoring modules from user's moose, for system: "Stanage"

CondaError: Run 'conda init' before 'conda activate'


[31m
*** ERROR ***
Your MeshGenerator tree contains multiple possible generator outputs :
"spool_end" and one or more of the following from an independent set: "feed_point"

This may be due to a missing dependency or may be intentional. Please either
- check that all the mesh generators are connected as a tree and culminate in a single final mesh. Having one wrong 'input=mg' parameter is the most common error
- add additional dependencies to remove the ambiguity if you are using a user-built MeshGenerator
- if you intend to execute a subset of the defined generators (uncommon), select the final MeshGenerator in the [Mesh] block with the "final_generator" parameter.[39m


[31m
*** ERROR ***
Your MeshGenerator tree contains multiple possible generator outputs :
"spool_end" and one or more of the following from an independent set: "feed_point, lower_jaw, lower_jaw_id, lower_jaw_top_boundary"

This may be due to a missing dependency or may be intentional. Please either
- check that all the mesh generators are connected as a tree and culminate in a single final mesh. Having one wrong 'input=mg' parameter is the most common error
- add additional dependencies to remove the ambiguity if you are using a user-built MeshGenerator
- if you intend to execute a subset of the defined generators (uncommon), select the final MeshGenerator in the [Mesh] block with the "final_generator" parameter.[39m


[31m
*** ERROR ***
Your MeshGenerator tree contains multiple possible generator outputs :
"spool_end" and one or more of the following from an independent set: "feed_point, lower_jaw, lower_jaw_id, lower_jaw_top_boundary"

This may be due to a missing dependency or may be intentional. Please either
- check that all the mesh generators are connected as a tree and culminate in a single final mesh. Having one wrong 'input=mg' parameter is the most common error
- add additional dependencies to remove the ambiguity if you are using a user-built MeshGenerator
- if you intend to execute a subset of the defined generators (uncommon), select the final MeshGenerator in the [Mesh] block with the "final_generator" parameter.[39m


[31m
*** ERROR ***
Your MeshGenerator tree contains multiple possible generator outputs :
"spool_end" and one or more of the following from an independent set: "feed_point"

This may be due to a missing dependency or may be intentional. Please either
- check that all the mesh generators are connected as a tree and culminate in a single final mesh. Having one wrong 'input=mg' parameter is the most common error
- add additional dependencies to remove the ambiguity if you are using a user-built MeshGenerator
- if you intend to execute a subset of the defined generators (uncommon), select the final MeshGenerator in the [Mesh] block with the "final_generator" parameter.[39m


[31m
*** ERROR ***
Your MeshGenerator tree contains multiple possible generator outputs :
"spool_end" and one or more of the following from an independent set: "feed_point, lower_jaw, lower_jaw_id, lower_jaw_top_boundary"

This may be due to a missing dependency or may be intentional. Please either
- check that all the mesh generators are connected as a tree and culminate in a single final mesh. Having one wrong 'input=mg' parameter is the most common error
- add additional dependencies to remove the ambiguity if you are using a user-built MeshGenerator
- if you intend to execute a subset of the defined generators (uncommon), select the final MeshGenerator in the [Mesh] block with the "final_generator" parameter.[39m


[31m
*** ERROR ***
Your MeshGenerator tree contains multiple possible generator outputs :
"spool_end" and one or more of the following from an independent set: "feed_point, lower_jaw, lower_jaw_id, lower_jaw_top_boundary"

This may be due to a missing dependency or may be intentional. Please either
- check that all the mesh generators are connected as a tree and culminate in a single final mesh. Having one wrong 'input=mg' parameter is the most common error
- add additional dependencies to remove the ambiguity if you are using a user-built MeshGenerator
- if you intend to execute a subset of the defined generators (uncommon), select the final MeshGenerator in the [Mesh] block with the "final_generator" parameter.[39m


[31m
*** ERROR ***
Your MeshGenerator tree contains multiple possible generator outputs :
"spool_end" and one or more of the following from an independent set: "feed_point"

This may be due to a missing dependency or may be intentional. Please either
- check that all the mesh generators are connected as a tree and culminate in a single final mesh. Having one wrong 'input=mg' parameter is the most common error
- add additional dependencies to remove the ambiguity if you are using a user-built MeshGenerator
- if you intend to execute a subset of the defined generators (uncommon), select the final MeshGenerator in the [Mesh] block with the "final_generator" parameter.[39m


[31m
*** ERROR ***
Your MeshGenerator tree contains multiple possible generator outputs :
"spool_end" and one or more of the following from an independent set: "feed_point"

This may be due to a missing dependency or may be intentional. Please either
- check that all the mesh generators are connected as a tree and culminate in a single final mesh. Having one wrong 'input=mg' parameter is the most common error
- add additional dependencies to remove the ambiguity if you are using a user-built MeshGenerator
- if you intend to execute a subset of the defined generators (uncommon), select the final MeshGenerator in the [Mesh] block with the "final_generator" parameter.[39m

--------------------------------------------------------------------------
MPI_ABORT was invoked on rank 4 in communicator MPI_COMM_WORLD
with errorcode 1.

NOTE: invoking MPI_ABORT causes Open MPI to kill all MPI processes.
You may or may not see output from other processes, depending on
exactly when Open MPI kills them.
--------------------------------------------------------------------------
[node073.pri.stanage.alces.network:50242] 7 more processes have sent help message help-mpi-api.txt / mpi-abort
[node073.pri.stanage.alces.network:50242] Set MCA parameter "orte_base_help_aggregate" to 0 to see all help / error messages
